<?xml version="1.0" encoding="UTF-8"?>
<testng-results skipped="0" failed="0" total="2" passed="2">
  <reporter-output>
  </reporter-output>
  <suite name="BDD Test Suite" duration-ms="73928" started-at="2020-03-31T11:12:22Z" finished-at="2020-03-31T11:13:36Z">
    <groups>
      <group name="cucumber">
        <method signature="TestRunner.feature(cucumber.api.testng.CucumberFeatureWrapper)[pri:0, instance:com.testRunner.TestRunner@1936f0f5]" name="feature" class="com.testRunner.TestRunner"/>
      </group> <!-- cucumber -->
    </groups>
    <test name="TestRunner Test" duration-ms="73928" started-at="2020-03-31T11:12:22Z" finished-at="2020-03-31T11:13:36Z">
      <class name="com.testRunner.TestRunner">
        <test-method status="PASS" signature="setUpClass()[pri:0, instance:com.testRunner.TestRunner@1936f0f5]" name="setUpClass" is-config="true" duration-ms="351" started-at="2020-03-31T16:42:22Z" finished-at="2020-03-31T16:42:23Z">
          <reporter-output>
          </reporter-output>
        </test-method> <!-- setUpClass -->
        <test-method status="PASS" signature="feature(cucumber.api.testng.CucumberFeatureWrapper)[pri:0, instance:com.testRunner.TestRunner@1936f0f5]" name="feature" duration-ms="49456" started-at="2020-03-31T16:42:23Z" description="Runs cucmber Features" data-provider="features" finished-at="2020-03-31T16:43:12Z">
          <params>
            <param index="0">
              <value>
                <![CDATA[This feature is about testing automation guild homePage functionality]]>
              </value>
            </param>
          </params>
          <reporter-output>
          </reporter-output>
        </test-method> <!-- feature -->
        <test-method status="PASS" signature="feature(cucumber.api.testng.CucumberFeatureWrapper)[pri:0, instance:com.testRunner.TestRunner@1936f0f5]" name="feature" duration-ms="23965" started-at="2020-03-31T16:43:12Z" description="Runs cucmber Features" data-provider="features" finished-at="2020-03-31T16:43:36Z">
          <params>
            <param index="0">
              <value>
                <![CDATA[This feature is about testing automation guild login page functionality]]>
              </value>
            </param>
          </params>
          <reporter-output>
          </reporter-output>
        </test-method> <!-- feature -->
        <test-method status="PASS" signature="testDownClass()[pri:0, instance:com.testRunner.TestRunner@1936f0f5]" name="testDownClass" is-config="true" duration-ms="65" started-at="2020-03-31T16:43:36Z" finished-at="2020-03-31T16:43:36Z">
          <reporter-output>
          </reporter-output>
        </test-method> <!-- testDownClass -->
      </class> <!-- com.testRunner.TestRunner -->
    </test> <!-- TestRunner Test -->
  </suite> <!-- BDD Test Suite -->
</testng-results>
