<?xml version="1.0" encoding="UTF-8"?>
<testng-results skipped="0" failed="0" total="2" passed="2">
  <reporter-output>
  </reporter-output>
  <suite name="BDD Test Suite" duration-ms="38645" started-at="2020-08-01T11:55:21Z" finished-at="2020-08-01T11:56:00Z">
    <groups>
      <group name="cucumber">
        <method signature="TestRunner.feature(cucumber.api.testng.CucumberFeatureWrapper)[pri:0, instance:com.testRunner.TestRunner@4909b8da]" name="feature" class="com.testRunner.TestRunner"/>
      </group> <!-- cucumber -->
    </groups>
    <test name="TestRunner Test" duration-ms="38645" started-at="2020-08-01T11:55:21Z" finished-at="2020-08-01T11:56:00Z">
      <class name="com.testRunner.TestRunner">
        <test-method status="PASS" signature="setUpClass()[pri:0, instance:com.testRunner.TestRunner@4909b8da]" name="setUpClass" is-config="true" duration-ms="248" started-at="2020-08-01T17:25:21Z" finished-at="2020-08-01T17:25:22Z">
          <reporter-output>
          </reporter-output>
        </test-method> <!-- setUpClass -->
        <test-method status="PASS" signature="feature(cucumber.api.testng.CucumberFeatureWrapper)[pri:0, instance:com.testRunner.TestRunner@4909b8da]" name="feature" duration-ms="23160" started-at="2020-08-01T17:25:22Z" description="Runs cucmber Features" data-provider="features" finished-at="2020-08-01T17:25:45Z">
          <params>
            <param index="0">
              <value>
                <![CDATA[This feature is about testing automation guild homePage functionality]]>
              </value>
            </param>
          </params>
          <reporter-output>
          </reporter-output>
        </test-method> <!-- feature -->
        <test-method status="PASS" signature="feature(cucumber.api.testng.CucumberFeatureWrapper)[pri:0, instance:com.testRunner.TestRunner@4909b8da]" name="feature" duration-ms="15138" started-at="2020-08-01T17:25:45Z" description="Runs cucmber Features" data-provider="features" finished-at="2020-08-01T17:26:00Z">
          <params>
            <param index="0">
              <value>
                <![CDATA[This feature is about testing automation guild login page functionality]]>
              </value>
            </param>
          </params>
          <reporter-output>
          </reporter-output>
        </test-method> <!-- feature -->
        <test-method status="PASS" signature="testDownClass()[pri:0, instance:com.testRunner.TestRunner@4909b8da]" name="testDownClass" is-config="true" duration-ms="30" started-at="2020-08-01T17:26:00Z" finished-at="2020-08-01T17:26:00Z">
          <reporter-output>
          </reporter-output>
        </test-method> <!-- testDownClass -->
      </class> <!-- com.testRunner.TestRunner -->
    </test> <!-- TestRunner Test -->
  </suite> <!-- BDD Test Suite -->
</testng-results>
